Started GET "/" for ::1 at 2019-10-02 05:56:07 +0200
  [1m[35m (2.2ms)[0m  [1m[34mSELECT "schema_migrations"."version" FROM "schema_migrations" ORDER BY "schema_migrations"."version" ASC[0m
  ↳ /Users/renatavitoi/.rvm/gems/ruby-2.5.1/gems/activerecord-5.2.3/lib/active_record/log_subscriber.rb:98
Processing by SimplePagesController#landing_page as HTML
  Rendering simple_pages/landing_page.html.erb within layouts/application
  [1m[36mProduct Load (1.5ms)[0m  [1m[34mSELECT  "products".* FROM "products" LIMIT ?[0m  [["LIMIT", 3]]
  ↳ app/views/simple_pages/landing_page.html.erb:12
  Rendered simple_pages/landing_page.html.erb within layouts/application (18.4ms)
Completed 200 OK in 732ms (Views: 711.2ms | ActiveRecord: 2.5ms)


Started GET "/products" for ::1 at 2019-10-02 05:56:10 +0200
Processing by ProductsController#index as HTML
  Rendering products/index.html.erb within layouts/application
  [1m[36mProduct Load (0.2ms)[0m  [1m[34mSELECT "products".* FROM "products"[0m
  ↳ app/views/products/index.html.erb:6
  Rendered collection of products/_product.html.erb [9 times] (3.9ms)
  Rendered products/index.html.erb within layouts/application (8.3ms)
Completed 200 OK in 58ms (Views: 53.5ms | ActiveRecord: 0.2ms)


Started GET "/products/1" for ::1 at 2019-10-02 05:56:11 +0200
Processing by ProductsController#show as HTML
  Parameters: {"id"=>"1"}
  [1m[36mProduct Load (0.3ms)[0m  [1m[34mSELECT  "products".* FROM "products" WHERE "products"."id" = ? LIMIT ?[0m  [["id", 1], ["LIMIT", 1]]
  ↳ app/controllers/products_controller.rb:76
  Rendering products/show.html.erb within layouts/application
  [1m[36mComment Load (1.6ms)[0m  [1m[34mSELECT  "comments".* FROM "comments" WHERE "comments"."product_id" = ? ORDER BY created_at DESC LIMIT ? OFFSET ?[0m  [["product_id", 1], ["LIMIT", 3], ["OFFSET", 0]]
  ↳ app/views/products/_comments.html.erb:2
  [1m[36mUser Load (1.4ms)[0m  [1m[34mSELECT  "users".* FROM "users" WHERE "users"."id" = ? LIMIT ?[0m  [["id", 6], ["LIMIT", 1]]
  ↳ app/views/products/_comments.html.erb:5
  [1m[36mUser Load (0.2ms)[0m  [1m[34mSELECT  "users".* FROM "users" WHERE "users"."id" = ? LIMIT ?[0m  [["id", 5], ["LIMIT", 1]]
  ↳ app/views/products/_comments.html.erb:5
  [1m[36mUser Load (0.1ms)[0m  [1m[34mSELECT  "users".* FROM "users" WHERE "users"."id" = ? LIMIT ?[0m  [["id", 4], ["LIMIT", 1]]
  ↳ app/views/products/_comments.html.erb:5
  [1m[35m (0.2ms)[0m  [1m[34mSELECT COUNT(*) FROM "comments" WHERE "comments"."product_id" = ?[0m  [["product_id", 1]]
  ↳ app/views/products/_comments.html.erb:11
  Rendered products/_comments.html.erb (42.9ms)
  Rendered products/_new_comment.html.erb (0.9ms)
  Rendered products/show.html.erb within layouts/application (51.0ms)
Completed 200 OK in 144ms (Views: 95.6ms | ActiveRecord: 5.3ms)


Started GET "/products/1/edit" for ::1 at 2019-10-02 05:56:14 +0200
Processing by ProductsController#edit as HTML
  Parameters: {"id"=>"1"}
  [1m[36mProduct Load (0.3ms)[0m  [1m[34mSELECT  "products".* FROM "products" WHERE "products"."id" = ? LIMIT ?[0m  [["id", 1], ["LIMIT", 1]]
  ↳ app/controllers/products_controller.rb:76
  Rendering products/edit.html.erb within layouts/application
  Rendered products/_form.html.erb (8.3ms)
  Rendered products/edit.html.erb within layouts/application (10.8ms)
Completed 200 OK in 59ms (Views: 52.0ms | ActiveRecord: 0.3ms)


Started PATCH "/products/1" for ::1 at 2019-10-02 05:56:57 +0200
Processing by ProductsController#update as HTML
  Parameters: {"utf8"=>"✓", "authenticity_token"=>"HqDkGvQ0k9Gx6OjEahDCBra/hnwpV810AsRQjlWrRmX2ZMeAUYjduFjEzl8rK0aTU1Hm1ND+gsfgo6xEZ8SyVw==", "product"=>{"name"=>" Eyeshadow Pallet", "description"=>"Colourful Eyeshadow Pallet", "image_url"=>"https://images.unsplash.com/photo-1487412912498-0447578fcca8?ixlib=rb-1.2.1&ixid=eyJhcHBfaWQiOjEyMDd9&auto=format&fit=crop&w=1050&q=80", "colour"=>"Purple, Rose, Brown, Bronze", "price"=>"€ 45,00"}, "name"=>"", "commit"=>"Send", "id"=>"1"}
  [1m[36mProduct Load (0.2ms)[0m  [1m[34mSELECT  "products".* FROM "products" WHERE "products"."id" = ? LIMIT ?[0m  [["id", 1], ["LIMIT", 1]]
  ↳ app/controllers/products_controller.rb:76
Unpermitted parameter: :price
  [1m[35m (0.1ms)[0m  [1m[36mbegin transaction[0m
  ↳ app/controllers/products_controller.rb:52
  [1m[35m (0.1ms)[0m  [1m[31mrollback transaction[0m
  ↳ app/controllers/products_controller.rb:52
  Rendering products/edit.html.erb within layouts/application
  Rendered products/_form.html.erb (3.2ms)
  Rendered products/edit.html.erb within layouts/application (5.2ms)
Completed 200 OK in 50ms (Views: 43.7ms | ActiveRecord: 0.3ms)


Started GET "/products/1" for ::1 at 2019-10-02 05:58:21 +0200
Processing by ProductsController#show as HTML
  Parameters: {"id"=>"1"}
  [1m[36mProduct Load (1.1ms)[0m  [1m[34mSELECT  "products".* FROM "products" WHERE "products"."id" = ? LIMIT ?[0m  [["id", 1], ["LIMIT", 1]]
  ↳ app/controllers/products_controller.rb:76
  Rendering products/show.html.erb within layouts/application
  [1m[36mComment Load (1.9ms)[0m  [1m[34mSELECT  "comments".* FROM "comments" WHERE "comments"."product_id" = ? ORDER BY created_at DESC LIMIT ? OFFSET ?[0m  [["product_id", 1], ["LIMIT", 3], ["OFFSET", 0]]
  ↳ app/views/products/_comments.html.erb:2
  [1m[36mUser Load (1.5ms)[0m  [1m[34mSELECT  "users".* FROM "users" WHERE "users"."id" = ? LIMIT ?[0m  [["id", 6], ["LIMIT", 1]]
  ↳ app/views/products/_comments.html.erb:5
  [1m[36mUser Load (0.1ms)[0m  [1m[34mSELECT  "users".* FROM "users" WHERE "users"."id" = ? LIMIT ?[0m  [["id", 5], ["LIMIT", 1]]
  ↳ app/views/products/_comments.html.erb:5
  [1m[36mUser Load (0.1ms)[0m  [1m[34mSELECT  "users".* FROM "users" WHERE "users"."id" = ? LIMIT ?[0m  [["id", 4], ["LIMIT", 1]]
  ↳ app/views/products/_comments.html.erb:5
  [1m[35m (0.2ms)[0m  [1m[34mSELECT COUNT(*) FROM "comments" WHERE "comments"."product_id" = ?[0m  [["product_id", 1]]
  ↳ app/views/products/_comments.html.erb:11
  Rendered products/_comments.html.erb (31.3ms)
  Rendered products/_new_comment.html.erb (1.1ms)
  Rendered products/show.html.erb within layouts/application (51.2ms)
Completed 200 OK in 219ms (Views: 175.4ms | ActiveRecord: 7.4ms)


Started GET "/products" for ::1 at 2019-10-02 05:58:24 +0200
Processing by ProductsController#index as HTML
  Rendering products/index.html.erb within layouts/application
  [1m[36mProduct Load (0.3ms)[0m  [1m[34mSELECT "products".* FROM "products"[0m
  ↳ app/views/products/index.html.erb:6
  Rendered collection of products/_product.html.erb [9 times] (3.2ms)
  Rendered products/index.html.erb within layouts/application (7.1ms)
Completed 200 OK in 119ms (Views: 113.8ms | ActiveRecord: 0.3ms)


Started GET "/products/1" for ::1 at 2019-10-02 05:58:25 +0200
Processing by ProductsController#show as HTML
  Parameters: {"id"=>"1"}
  [1m[36mProduct Load (0.3ms)[0m  [1m[34mSELECT  "products".* FROM "products" WHERE "products"."id" = ? LIMIT ?[0m  [["id", 1], ["LIMIT", 1]]
  ↳ app/controllers/products_controller.rb:76
  Rendering products/show.html.erb within layouts/application
  [1m[36mComment Load (0.4ms)[0m  [1m[34mSELECT  "comments".* FROM "comments" WHERE "comments"."product_id" = ? ORDER BY created_at DESC LIMIT ? OFFSET ?[0m  [["product_id", 1], ["LIMIT", 3], ["OFFSET", 0]]
  ↳ app/views/products/_comments.html.erb:2
  [1m[36mUser Load (0.2ms)[0m  [1m[34mSELECT  "users".* FROM "users" WHERE "users"."id" = ? LIMIT ?[0m  [["id", 6], ["LIMIT", 1]]
  ↳ app/views/products/_comments.html.erb:5
  [1m[36mUser Load (0.1ms)[0m  [1m[34mSELECT  "users".* FROM "users" WHERE "users"."id" = ? LIMIT ?[0m  [["id", 5], ["LIMIT", 1]]
  ↳ app/views/products/_comments.html.erb:5
  [1m[36mUser Load (0.2ms)[0m  [1m[34mSELECT  "users".* FROM "users" WHERE "users"."id" = ? LIMIT ?[0m  [["id", 4], ["LIMIT", 1]]
  ↳ app/views/products/_comments.html.erb:5
  [1m[35m (0.2ms)[0m  [1m[34mSELECT COUNT(*) FROM "comments" WHERE "comments"."product_id" = ?[0m  [["product_id", 1]]
  ↳ app/views/products/_comments.html.erb:11
  Rendered products/_comments.html.erb (10.2ms)
  Rendered products/_new_comment.html.erb (0.7ms)
  Rendered products/show.html.erb within layouts/application (16.7ms)
Completed 200 OK in 69ms (Views: 60.4ms | ActiveRecord: 1.4ms)


Started GET "/products/1/edit" for ::1 at 2019-10-02 05:58:29 +0200
Processing by ProductsController#edit as HTML
  Parameters: {"id"=>"1"}
  [1m[36mProduct Load (0.3ms)[0m  [1m[34mSELECT  "products".* FROM "products" WHERE "products"."id" = ? LIMIT ?[0m  [["id", 1], ["LIMIT", 1]]
  ↳ app/controllers/products_controller.rb:76
  Rendering products/edit.html.erb within layouts/application
  Rendered products/_form.html.erb (7.9ms)
  Rendered products/edit.html.erb within layouts/application (12.8ms)
Completed 200 OK in 62ms (Views: 55.3ms | ActiveRecord: 0.3ms)


Started PATCH "/products/1" for ::1 at 2019-10-02 05:58:33 +0200
Processing by ProductsController#update as HTML
  Parameters: {"utf8"=>"✓", "authenticity_token"=>"chetcNaxb+Ukc37hQYq55r3/idhj8bxMdAP+48uqBL6a047qcw0hjM1fWHoAsT1zWBHpcJpY8/+WZAIp+cXwjA==", "product"=>{"name"=>" Eyeshadow Pallet", "description"=>"Colourful Eyeshadow Pallet", "image_url"=>"https://images.unsplash.com/photo-1487412912498-0447578fcca8?ixlib=rb-1.2.1&ixid=eyJhcHBfaWQiOjEyMDd9&auto=format&fit=crop&w=1050&q=80", "colour"=>"Purple, Rose, Brown, Bronze", "price"=>"€ 45,00"}, "name"=>"", "commit"=>"Send", "id"=>"1"}
  [1m[36mProduct Load (0.2ms)[0m  [1m[34mSELECT  "products".* FROM "products" WHERE "products"."id" = ? LIMIT ?[0m  [["id", 1], ["LIMIT", 1]]
  ↳ app/controllers/products_controller.rb:76
Unpermitted parameter: :price
  [1m[35m (0.1ms)[0m  [1m[36mbegin transaction[0m
  ↳ app/controllers/products_controller.rb:52
  [1m[35m (0.1ms)[0m  [1m[36mcommit transaction[0m
  ↳ app/controllers/products_controller.rb:52
Redirected to http://localhost:3000/products/1
Completed 302 Found in 8ms (ActiveRecord: 0.4ms)


Started GET "/products/1" for ::1 at 2019-10-02 05:58:33 +0200
Processing by ProductsController#show as HTML
  Parameters: {"id"=>"1"}
  [1m[36mProduct Load (0.1ms)[0m  [1m[34mSELECT  "products".* FROM "products" WHERE "products"."id" = ? LIMIT ?[0m  [["id", 1], ["LIMIT", 1]]
  ↳ app/controllers/products_controller.rb:76
  Rendering products/show.html.erb within layouts/application
  [1m[36mComment Load (0.3ms)[0m  [1m[34mSELECT  "comments".* FROM "comments" WHERE "comments"."product_id" = ? ORDER BY created_at DESC LIMIT ? OFFSET ?[0m  [["product_id", 1], ["LIMIT", 3], ["OFFSET", 0]]
  ↳ app/views/products/_comments.html.erb:2
  [1m[36mUser Load (0.1ms)[0m  [1m[34mSELECT  "users".* FROM "users" WHERE "users"."id" = ? LIMIT ?[0m  [["id", 6], ["LIMIT", 1]]
  ↳ app/views/products/_comments.html.erb:5
  [1m[36mUser Load (0.1ms)[0m  [1m[34mSELECT  "users".* FROM "users" WHERE "users"."id" = ? LIMIT ?[0m  [["id", 5], ["LIMIT", 1]]
  ↳ app/views/products/_comments.html.erb:5
  [1m[36mUser Load (0.1ms)[0m  [1m[34mSELECT  "users".* FROM "users" WHERE "users"."id" = ? LIMIT ?[0m  [["id", 4], ["LIMIT", 1]]
  ↳ app/views/products/_comments.html.erb:5
  [1m[35m (0.2ms)[0m  [1m[34mSELECT COUNT(*) FROM "comments" WHERE "comments"."product_id" = ?[0m  [["product_id", 1]]
  ↳ app/views/products/_comments.html.erb:11
  Rendered products/_comments.html.erb (8.2ms)
  Rendered products/_new_comment.html.erb (0.6ms)
  Rendered products/show.html.erb within layouts/application (12.5ms)
Completed 200 OK in 56ms (Views: 51.0ms | ActiveRecord: 1.0ms)


  [1m[35m (1.7ms)[0m  [1m[34mSELECT "schema_migrations"."version" FROM "schema_migrations" ORDER BY "schema_migrations"."version" ASC[0m
  ↳ bin/rails:9
  [1m[36mActiveRecord::InternalMetadata Load (2.0ms)[0m  [1m[34mSELECT  "ar_internal_metadata".* FROM "ar_internal_metadata" WHERE "ar_internal_metadata"."key" = ? LIMIT ?[0m  [["key", "environment"], ["LIMIT", 1]]
  ↳ bin/rails:9
  [1m[35m (0.1ms)[0m  [1m[36mbegin transaction[0m
  ↳ bin/rails:9
  [1m[35m (0.1ms)[0m  [1m[36mcommit transaction[0m
  ↳ bin/rails:9
  [1m[35m (0.1ms)[0m  [1m[34mSELECT "schema_migrations"."version" FROM "schema_migrations" ORDER BY "schema_migrations"."version" ASC[0m
  ↳ bin/rails:9
Started GET "/products" for ::1 at 2019-10-02 06:04:38 +0200
Processing by ProductsController#index as HTML
  Rendering products/index.html.erb within layouts/application
  [1m[36mProduct Load (1.4ms)[0m  [1m[34mSELECT "products".* FROM "products"[0m
  ↳ app/views/products/index.html.erb:6
  Rendered collection of products/_product.html.erb [9 times] (3.5ms)
  Rendered products/index.html.erb within layouts/application (17.9ms)
Completed 200 OK in 113ms (Views: 104.7ms | ActiveRecord: 2.3ms)


Started GET "/products/1" for ::1 at 2019-10-02 06:05:03 +0200
Processing by ProductsController#show as HTML
  Parameters: {"id"=>"1"}
  [1m[36mProduct Load (0.2ms)[0m  [1m[34mSELECT  "products".* FROM "products" WHERE "products"."id" = ? LIMIT ?[0m  [["id", 1], ["LIMIT", 1]]
  ↳ app/controllers/products_controller.rb:76
  Rendering products/show.html.erb within layouts/application
  [1m[36mComment Load (1.6ms)[0m  [1m[34mSELECT  "comments".* FROM "comments" WHERE "comments"."product_id" = ? ORDER BY created_at DESC LIMIT ? OFFSET ?[0m  [["product_id", 1], ["LIMIT", 3], ["OFFSET", 0]]
  ↳ app/views/products/_comments.html.erb:2
  [1m[36mUser Load (1.4ms)[0m  [1m[34mSELECT  "users".* FROM "users" WHERE "users"."id" = ? LIMIT ?[0m  [["id", 6], ["LIMIT", 1]]
  ↳ app/views/products/_comments.html.erb:5
  [1m[36mUser Load (0.1ms)[0m  [1m[34mSELECT  "users".* FROM "users" WHERE "users"."id" = ? LIMIT ?[0m  [["id", 5], ["LIMIT", 1]]
  ↳ app/views/products/_comments.html.erb:5
  [1m[36mUser Load (0.1ms)[0m  [1m[34mSELECT  "users".* FROM "users" WHERE "users"."id" = ? LIMIT ?[0m  [["id", 4], ["LIMIT", 1]]
  ↳ app/views/products/_comments.html.erb:5
  [1m[35m (0.2ms)[0m  [1m[34mSELECT COUNT(*) FROM "comments" WHERE "comments"."product_id" = ?[0m  [["product_id", 1]]
  ↳ app/views/products/_comments.html.erb:11
  Rendered products/_comments.html.erb (31.6ms)
  Rendered products/_new_comment.html.erb (0.9ms)
  Rendered products/show.html.erb within layouts/application (41.1ms)
Completed 200 OK in 97ms (Views: 76.2ms | ActiveRecord: 6.4ms)


Started GET "/products/1/edit" for ::1 at 2019-10-02 06:05:07 +0200
Processing by ProductsController#edit as HTML
  Parameters: {"id"=>"1"}
  [1m[36mProduct Load (0.2ms)[0m  [1m[34mSELECT  "products".* FROM "products" WHERE "products"."id" = ? LIMIT ?[0m  [["id", 1], ["LIMIT", 1]]
  ↳ app/controllers/products_controller.rb:76
  Rendering products/edit.html.erb within layouts/application
  Rendered products/_form.html.erb (4.0ms)
  Rendered products/edit.html.erb within layouts/application (8.4ms)
Completed 200 OK in 61ms (Views: 53.8ms | ActiveRecord: 0.2ms)


Started GET "/products" for ::1 at 2019-10-02 06:06:07 +0200
Processing by ProductsController#index as HTML
  Rendering products/index.html.erb within layouts/application
  [1m[36mProduct Load (0.4ms)[0m  [1m[34mSELECT "products".* FROM "products"[0m
  ↳ app/views/products/index.html.erb:6
  Rendered collection of products/_product.html.erb [9 times] (6.7ms)
  Rendered products/index.html.erb within layouts/application (13.8ms)
Completed 200 OK in 111ms (Views: 106.8ms | ActiveRecord: 0.4ms)


Started GET "/products/2" for ::1 at 2019-10-02 06:06:10 +0200
Processing by ProductsController#show as HTML
  Parameters: {"id"=>"2"}
  [1m[36mProduct Load (0.2ms)[0m  [1m[34mSELECT  "products".* FROM "products" WHERE "products"."id" = ? LIMIT ?[0m  [["id", 2], ["LIMIT", 1]]
  ↳ app/controllers/products_controller.rb:76
  Rendering products/show.html.erb within layouts/application
  [1m[36mComment Load (0.7ms)[0m  [1m[34mSELECT  "comments".* FROM "comments" WHERE "comments"."product_id" = ? ORDER BY created_at DESC LIMIT ? OFFSET ?[0m  [["product_id", 2], ["LIMIT", 3], ["OFFSET", 0]]
  ↳ app/views/products/_comments.html.erb:2
  [1m[36mUser Load (0.2ms)[0m  [1m[34mSELECT  "users".* FROM "users" WHERE "users"."id" = ? LIMIT ?[0m  [["id", 6], ["LIMIT", 1]]
  ↳ app/views/products/_comments.html.erb:5
  [1m[36mUser Load (0.6ms)[0m  [1m[34mSELECT  "users".* FROM "users" WHERE "users"."id" = ? LIMIT ?[0m  [["id", 1], ["LIMIT", 1]]
  ↳ app/views/products/_comments.html.erb:5
  [1m[36mCACHE User Load (0.0ms)[0m  [1m[34mSELECT  "users".* FROM "users" WHERE "users"."id" = ? LIMIT ?[0m  [["id", 1], ["LIMIT", 1]]
  ↳ app/views/products/_comments.html.erb:5
  [1m[35m (0.2ms)[0m  [1m[34mSELECT COUNT(*) FROM "comments" WHERE "comments"."product_id" = ?[0m  [["product_id", 2]]
  ↳ app/views/products/_comments.html.erb:11
  Rendered products/_comments.html.erb (14.5ms)
  Rendered products/_new_comment.html.erb (0.6ms)
  Rendered products/show.html.erb within layouts/application (24.0ms)
Completed 200 OK in 106ms (Views: 100.3ms | ActiveRecord: 2.0ms)


Started GET "/products/2/edit" for ::1 at 2019-10-02 06:06:37 +0200
Processing by ProductsController#edit as HTML
  Parameters: {"id"=>"2"}
  [1m[36mProduct Load (0.2ms)[0m  [1m[34mSELECT  "products".* FROM "products" WHERE "products"."id" = ? LIMIT ?[0m  [["id", 2], ["LIMIT", 1]]
  ↳ app/controllers/products_controller.rb:76
  Rendering products/edit.html.erb within layouts/application
  Rendered products/_form.html.erb (6.2ms)
  Rendered products/edit.html.erb within layouts/application (10.9ms)
Completed 200 OK in 62ms (Views: 56.7ms | ActiveRecord: 0.2ms)


Started GET "/products" for ::1 at 2019-10-02 06:09:59 +0200
Processing by ProductsController#index as HTML
  Rendering products/index.html.erb within layouts/application
  [1m[36mProduct Load (0.3ms)[0m  [1m[34mSELECT "products".* FROM "products"[0m
  ↳ app/views/products/index.html.erb:6
  Rendered collection of products/_product.html.erb [9 times] (3.4ms)
  Rendered products/index.html.erb within layouts/application (8.3ms)
Completed 200 OK in 153ms (Views: 145.3ms | ActiveRecord: 0.3ms)


Started GET "/products/3" for ::1 at 2019-10-02 06:10:01 +0200
Processing by ProductsController#show as HTML
  Parameters: {"id"=>"3"}
  [1m[36mProduct Load (0.2ms)[0m  [1m[34mSELECT  "products".* FROM "products" WHERE "products"."id" = ? LIMIT ?[0m  [["id", 3], ["LIMIT", 1]]
  ↳ app/controllers/products_controller.rb:76
  Rendering products/show.html.erb within layouts/application
  [1m[36mComment Load (0.2ms)[0m  [1m[34mSELECT  "comments".* FROM "comments" WHERE "comments"."product_id" = ? ORDER BY created_at DESC LIMIT ? OFFSET ?[0m  [["product_id", 3], ["LIMIT", 3], ["OFFSET", 0]]
  ↳ app/views/products/_comments.html.erb:2
  [1m[36mUser Load (0.1ms)[0m  [1m[34mSELECT  "users".* FROM "users" WHERE "users"."id" = ? LIMIT ?[0m  [["id", 1], ["LIMIT", 1]]
  ↳ app/views/products/_comments.html.erb:5
  Rendered products/_comments.html.erb (2.8ms)
  Rendered products/_new_comment.html.erb (0.9ms)
  Rendered products/show.html.erb within layouts/application (12.3ms)
Completed 200 OK in 70ms (Views: 64.3ms | ActiveRecord: 0.5ms)


Started GET "/products/3/edit" for ::1 at 2019-10-02 06:10:07 +0200
Processing by ProductsController#edit as HTML
  Parameters: {"id"=>"3"}
  [1m[36mProduct Load (0.4ms)[0m  [1m[34mSELECT  "products".* FROM "products" WHERE "products"."id" = ? LIMIT ?[0m  [["id", 3], ["LIMIT", 1]]
  ↳ app/controllers/products_controller.rb:76
  Rendering products/edit.html.erb within layouts/application
  Rendered products/_form.html.erb (3.0ms)
  Rendered products/edit.html.erb within layouts/application (7.2ms)
Completed 200 OK in 73ms (Views: 65.1ms | ActiveRecord: 0.4ms)


Started PATCH "/products/3" for ::1 at 2019-10-02 06:12:02 +0200
Processing by ProductsController#update as HTML
  Parameters: {"utf8"=>"✓", "authenticity_token"=>"FMn0D5pEdjZqPKU3VyKKmfp1PByR7oXIvbT8eaMPkM8DvhfKCUPf6CQ0xMuURJ/8Rm2h2/pfNYI6mI1BurFkrQ==", "product"=>{"name"=>"Green Perfume", "description"=>"It has the raw materials extracted from citrus peel, fruits such as: lemon, bergamot, mandarin, among others.", "image_url"=>"https://images.unsplash.com/photo-1541108564883-bec8126021f5?ixlib=rb-1.2.1&ixid=eyJhcHBfaWQiOjEyMDd9&auto=format&fit=crop&w=634&q=80", "colour"=>"Green", "price"=>"€ 150,00"}, "name"=>"", "commit"=>"Send", "id"=>"3"}
  [1m[36mProduct Load (0.3ms)[0m  [1m[34mSELECT  "products".* FROM "products" WHERE "products"."id" = ? LIMIT ?[0m  [["id", 3], ["LIMIT", 1]]
  ↳ app/controllers/products_controller.rb:76
Unpermitted parameter: :price
  [1m[35m (0.1ms)[0m  [1m[36mbegin transaction[0m
  ↳ app/controllers/products_controller.rb:52
  [1m[35m (0.1ms)[0m  [1m[36mcommit transaction[0m
  ↳ app/controllers/products_controller.rb:52
Redirected to http://localhost:3000/products/3
Completed 302 Found in 31ms (ActiveRecord: 0.5ms)


Started GET "/products/3" for ::1 at 2019-10-02 06:12:02 +0200
Processing by ProductsController#show as HTML
  Parameters: {"id"=>"3"}
  [1m[36mProduct Load (0.2ms)[0m  [1m[34mSELECT  "products".* FROM "products" WHERE "products"."id" = ? LIMIT ?[0m  [["id", 3], ["LIMIT", 1]]
  ↳ app/controllers/products_controller.rb:76
  Rendering products/show.html.erb within layouts/application
  [1m[36mComment Load (0.3ms)[0m  [1m[34mSELECT  "comments".* FROM "comments" WHERE "comments"."product_id" = ? ORDER BY created_at DESC LIMIT ? OFFSET ?[0m  [["product_id", 3], ["LIMIT", 3], ["OFFSET", 0]]
  ↳ app/views/products/_comments.html.erb:2
  [1m[36mUser Load (0.4ms)[0m  [1m[34mSELECT  "users".* FROM "users" WHERE "users"."id" = ? LIMIT ?[0m  [["id", 1], ["LIMIT", 1]]
  ↳ app/views/products/_comments.html.erb:5
  Rendered products/_comments.html.erb (4.1ms)
  Rendered products/_new_comment.html.erb (1.6ms)
  Rendered products/show.html.erb within layouts/application (15.2ms)
Completed 200 OK in 154ms (Views: 145.6ms | ActiveRecord: 0.9ms)


Started GET "/simple_pages/contact" for ::1 at 2019-10-02 06:12:20 +0200
Processing by SimplePagesController#contact as HTML
  Rendering simple_pages/contact.html.erb within layouts/application
  Rendered simple_pages/contact.html.erb within layouts/application (2.8ms)
Completed 200 OK in 57ms (Views: 54.8ms | ActiveRecord: 0.0ms)


Started GET "/products" for ::1 at 2019-10-02 06:12:22 +0200
Processing by ProductsController#index as HTML
  Rendering products/index.html.erb within layouts/application
  [1m[36mProduct Load (0.2ms)[0m  [1m[34mSELECT "products".* FROM "products"[0m
  ↳ app/views/products/index.html.erb:6
  Rendered collection of products/_product.html.erb [9 times] (10.5ms)
  Rendered products/index.html.erb within layouts/application (16.7ms)
Completed 200 OK in 123ms (Views: 118.2ms | ActiveRecord: 0.2ms)


Started GET "/products/2" for ::1 at 2019-10-02 06:12:23 +0200
Processing by ProductsController#show as HTML
  Parameters: {"id"=>"2"}
  [1m[36mProduct Load (0.3ms)[0m  [1m[34mSELECT  "products".* FROM "products" WHERE "products"."id" = ? LIMIT ?[0m  [["id", 2], ["LIMIT", 1]]
  ↳ app/controllers/products_controller.rb:76
  Rendering products/show.html.erb within layouts/application
  [1m[36mComment Load (0.8ms)[0m  [1m[34mSELECT  "comments".* FROM "comments" WHERE "comments"."product_id" = ? ORDER BY created_at DESC LIMIT ? OFFSET ?[0m  [["product_id", 2], ["LIMIT", 3], ["OFFSET", 0]]
  ↳ app/views/products/_comments.html.erb:2
  [1m[36mUser Load (0.2ms)[0m  [1m[34mSELECT  "users".* FROM "users" WHERE "users"."id" = ? LIMIT ?[0m  [["id", 6], ["LIMIT", 1]]
  ↳ app/views/products/_comments.html.erb:5
  [1m[36mUser Load (0.1ms)[0m  [1m[34mSELECT  "users".* FROM "users" WHERE "users"."id" = ? LIMIT ?[0m  [["id", 1], ["LIMIT", 1]]
  ↳ app/views/products/_comments.html.erb:5
  [1m[36mCACHE User Load (0.0ms)[0m  [1m[34mSELECT  "users".* FROM "users" WHERE "users"."id" = ? LIMIT ?[0m  [["id", 1], ["LIMIT", 1]]
  ↳ app/views/products/_comments.html.erb:5
  [1m[35m (0.2ms)[0m  [1m[34mSELECT COUNT(*) FROM "comments" WHERE "comments"."product_id" = ?[0m  [["product_id", 2]]
  ↳ app/views/products/_comments.html.erb:11
  Rendered products/_comments.html.erb (9.5ms)
  Rendered products/_new_comment.html.erb (0.6ms)
  Rendered products/show.html.erb within layouts/application (14.7ms)
Completed 200 OK in 64ms (Views: 55.9ms | ActiveRecord: 1.7ms)


Started GET "/products/1" for ::1 at 2019-10-02 06:12:28 +0200
Processing by ProductsController#show as HTML
  Parameters: {"id"=>"1"}
  [1m[36mProduct Load (0.1ms)[0m  [1m[34mSELECT  "products".* FROM "products" WHERE "products"."id" = ? LIMIT ?[0m  [["id", 1], ["LIMIT", 1]]
  ↳ app/controllers/products_controller.rb:76
  Rendering products/show.html.erb within layouts/application
  [1m[36mComment Load (0.4ms)[0m  [1m[34mSELECT  "comments".* FROM "comments" WHERE "comments"."product_id" = ? ORDER BY created_at DESC LIMIT ? OFFSET ?[0m  [["product_id", 1], ["LIMIT", 3], ["OFFSET", 0]]
  ↳ app/views/products/_comments.html.erb:2
  [1m[36mUser Load (0.2ms)[0m  [1m[34mSELECT  "users".* FROM "users" WHERE "users"."id" = ? LIMIT ?[0m  [["id", 6], ["LIMIT", 1]]
  ↳ app/views/products/_comments.html.erb:5
  [1m[36mUser Load (0.2ms)[0m  [1m[34mSELECT  "users".* FROM "users" WHERE "users"."id" = ? LIMIT ?[0m  [["id", 5], ["LIMIT", 1]]
  ↳ app/views/products/_comments.html.erb:5
  [1m[36mUser Load (0.1ms)[0m  [1m[34mSELECT  "users".* FROM "users" WHERE "users"."id" = ? LIMIT ?[0m  [["id", 4], ["LIMIT", 1]]
  ↳ app/views/products/_comments.html.erb:5
  [1m[35m (0.3ms)[0m  [1m[34mSELECT COUNT(*) FROM "comments" WHERE "comments"."product_id" = ?[0m  [["product_id", 1]]
  ↳ app/views/products/_comments.html.erb:11
  Rendered products/_comments.html.erb (11.2ms)
  Rendered products/_new_comment.html.erb (1.0ms)
  Rendered products/show.html.erb within layouts/application (18.1ms)
Completed 200 OK in 92ms (Views: 85.9ms | ActiveRecord: 1.3ms)


Started GET "/products/3" for ::1 at 2019-10-02 06:12:33 +0200
Processing by ProductsController#show as HTML
  Parameters: {"id"=>"3"}
  [1m[36mProduct Load (0.2ms)[0m  [1m[34mSELECT  "products".* FROM "products" WHERE "products"."id" = ? LIMIT ?[0m  [["id", 3], ["LIMIT", 1]]
  ↳ app/controllers/products_controller.rb:76
  Rendering products/show.html.erb within layouts/application
  [1m[36mComment Load (0.5ms)[0m  [1m[34mSELECT  "comments".* FROM "comments" WHERE "comments"."product_id" = ? ORDER BY created_at DESC LIMIT ? OFFSET ?[0m  [["product_id", 3], ["LIMIT", 3], ["OFFSET", 0]]
  ↳ app/views/products/_comments.html.erb:2
  [1m[36mUser Load (0.1ms)[0m  [1m[34mSELECT  "users".* FROM "users" WHERE "users"."id" = ? LIMIT ?[0m  [["id", 1], ["LIMIT", 1]]
  ↳ app/views/products/_comments.html.erb:5
  Rendered products/_comments.html.erb (4.1ms)
  Rendered products/_new_comment.html.erb (0.8ms)
  Rendered products/show.html.erb within layouts/application (11.7ms)
Completed 200 OK in 63ms (Views: 56.9ms | ActiveRecord: 0.9ms)


Started GET "/" for ::1 at 2019-10-02 06:12:44 +0200
Processing by SimplePagesController#landing_page as HTML
  Rendering simple_pages/landing_page.html.erb within layouts/application
  [1m[36mProduct Load (0.5ms)[0m  [1m[34mSELECT  "products".* FROM "products" LIMIT ?[0m  [["LIMIT", 3]]
  ↳ app/views/simple_pages/landing_page.html.erb:12
  Rendered simple_pages/landing_page.html.erb within layouts/application (4.9ms)
Completed 200 OK in 86ms (Views: 81.7ms | ActiveRecord: 0.5ms)


Started GET "/products" for ::1 at 2019-10-02 06:12:49 +0200
Processing by ProductsController#index as HTML
  Rendering products/index.html.erb within layouts/application
  [1m[36mProduct Load (0.6ms)[0m  [1m[34mSELECT "products".* FROM "products"[0m
  ↳ app/views/products/index.html.erb:6
  Rendered collection of products/_product.html.erb [9 times] (8.2ms)
  Rendered products/index.html.erb within layouts/application (18.4ms)
Completed 200 OK in 173ms (Views: 168.0ms | ActiveRecord: 0.6ms)


Started GET "/products/4" for ::1 at 2019-10-02 06:12:55 +0200
Processing by ProductsController#show as HTML
  Parameters: {"id"=>"4"}
  [1m[36mProduct Load (0.2ms)[0m  [1m[34mSELECT  "products".* FROM "products" WHERE "products"."id" = ? LIMIT ?[0m  [["id", 4], ["LIMIT", 1]]
  ↳ app/controllers/products_controller.rb:76
  Rendering products/show.html.erb within layouts/application
  [1m[36mComment Load (0.4ms)[0m  [1m[34mSELECT  "comments".* FROM "comments" WHERE "comments"."product_id" = ? ORDER BY created_at DESC LIMIT ? OFFSET ?[0m  [["product_id", 4], ["LIMIT", 3], ["OFFSET", 0]]
  ↳ app/views/products/_comments.html.erb:2
  Rendered products/_comments.html.erb (2.2ms)
  Rendered products/_new_comment.html.erb (0.8ms)
  Rendered products/show.html.erb within layouts/application (8.0ms)
Completed 200 OK in 57ms (Views: 51.9ms | ActiveRecord: 0.5ms)


Started GET "/products/4/edit" for ::1 at 2019-10-02 06:12:58 +0200
Processing by ProductsController#edit as HTML
  Parameters: {"id"=>"4"}
  [1m[36mProduct Load (0.7ms)[0m  [1m[34mSELECT  "products".* FROM "products" WHERE "products"."id" = ? LIMIT ?[0m  [["id", 4], ["LIMIT", 1]]
  ↳ app/controllers/products_controller.rb:76
  Rendering products/edit.html.erb within layouts/application
  Rendered products/_form.html.erb (4.2ms)
  Rendered products/edit.html.erb within layouts/application (10.0ms)
Completed 200 OK in 65ms (Views: 58.2ms | ActiveRecord: 0.7ms)


Started PATCH "/products/4" for ::1 at 2019-10-02 06:13:54 +0200
Processing by ProductsController#update as HTML
  Parameters: {"utf8"=>"✓", "authenticity_token"=>"kAwJRvPDkI8q9ZlCdQHAEfX3xEef3d9kHxFkot8QOJtxm1aaOTC7roa1NEduqy8aFqyB0eE1hHBWy1NnxM0fBA==", "product"=>{"name"=>"Lipstick and Eyeshadow", "description"=>" Lipstick and Eyeshadow set.", "image_url"=>"https://images.unsplash.com/photo-1566401912303-c436abc80c45?ixlib=rb-1.2.1&ixid=eyJhcHBfaWQiOjEyMDd9&auto=format&fit=crop&w=967&q=80", "colour"=>"Brown", "price"=>"€ 80,00"}, "name"=>"", "commit"=>"Send", "id"=>"4"}
  [1m[36mProduct Load (0.3ms)[0m  [1m[34mSELECT  "products".* FROM "products" WHERE "products"."id" = ? LIMIT ?[0m  [["id", 4], ["LIMIT", 1]]
  ↳ app/controllers/products_controller.rb:76
Unpermitted parameter: :price
  [1m[35m (0.1ms)[0m  [1m[36mbegin transaction[0m
  ↳ app/controllers/products_controller.rb:52
  [1m[35m (0.1ms)[0m  [1m[36mcommit transaction[0m
  ↳ app/controllers/products_controller.rb:52
Redirected to http://localhost:3000/products/4
Completed 302 Found in 6ms (ActiveRecord: 0.5ms)


Started GET "/products/4" for ::1 at 2019-10-02 06:13:54 +0200
Processing by ProductsController#show as HTML
  Parameters: {"id"=>"4"}
  [1m[36mProduct Load (0.2ms)[0m  [1m[34mSELECT  "products".* FROM "products" WHERE "products"."id" = ? LIMIT ?[0m  [["id", 4], ["LIMIT", 1]]
  ↳ app/controllers/products_controller.rb:76
  Rendering products/show.html.erb within layouts/application
  [1m[36mComment Load (0.2ms)[0m  [1m[34mSELECT  "comments".* FROM "comments" WHERE "comments"."product_id" = ? ORDER BY created_at DESC LIMIT ? OFFSET ?[0m  [["product_id", 4], ["LIMIT", 3], ["OFFSET", 0]]
  ↳ app/views/products/_comments.html.erb:2
  Rendered products/_comments.html.erb (1.4ms)
  Rendered products/_new_comment.html.erb (1.1ms)
  Rendered products/show.html.erb within layouts/application (7.3ms)
Completed 200 OK in 47ms (Views: 43.6ms | ActiveRecord: 0.4ms)


Started GET "/products" for ::1 at 2019-10-02 06:13:57 +0200
Processing by ProductsController#index as HTML
  Rendering products/index.html.erb within layouts/application
  [1m[36mProduct Load (0.2ms)[0m  [1m[34mSELECT "products".* FROM "products"[0m
  ↳ app/views/products/index.html.erb:6
  Rendered collection of products/_product.html.erb [9 times] (3.4ms)
  Rendered products/index.html.erb within layouts/application (7.8ms)
Completed 200 OK in 58ms (Views: 55.8ms | ActiveRecord: 0.2ms)


Started GET "/products/5" for ::1 at 2019-10-02 06:14:00 +0200
Processing by ProductsController#show as HTML
  Parameters: {"id"=>"5"}
  [1m[36mProduct Load (0.1ms)[0m  [1m[34mSELECT  "products".* FROM "products" WHERE "products"."id" = ? LIMIT ?[0m  [["id", 5], ["LIMIT", 1]]
  ↳ app/controllers/products_controller.rb:76
  Rendering products/show.html.erb within layouts/application
  [1m[36mComment Load (0.5ms)[0m  [1m[34mSELECT  "comments".* FROM "comments" WHERE "comments"."product_id" = ? ORDER BY created_at DESC LIMIT ? OFFSET ?[0m  [["product_id", 5], ["LIMIT", 3], ["OFFSET", 0]]
  ↳ app/views/products/_comments.html.erb:2
  [1m[36mUser Load (0.1ms)[0m  [1m[34mSELECT  "users".* FROM "users" WHERE "users"."id" = ? LIMIT ?[0m  [["id", 1], ["LIMIT", 1]]
  ↳ app/views/products/_comments.html.erb:5
  [1m[36mCACHE User Load (0.1ms)[0m  [1m[34mSELECT  "users".* FROM "users" WHERE "users"."id" = ? LIMIT ?[0m  [["id", 1], ["LIMIT", 1]]
  ↳ app/views/products/_comments.html.erb:5
  [1m[36mCACHE User Load (0.0ms)[0m  [1m[34mSELECT  "users".* FROM "users" WHERE "users"."id" = ? LIMIT ?[0m  [["id", 1], ["LIMIT", 1]]
  ↳ app/views/products/_comments.html.erb:5
  [1m[35m (0.2ms)[0m  [1m[34mSELECT COUNT(*) FROM "comments" WHERE "comments"."product_id" = ?[0m  [["product_id", 5]]
  ↳ app/views/products/_comments.html.erb:11
  Rendered products/_comments.html.erb (9.4ms)
  Rendered products/_new_comment.html.erb (1.2ms)
  Rendered products/show.html.erb within layouts/application (15.8ms)
Completed 200 OK in 82ms (Views: 77.4ms | ActiveRecord: 1.1ms)


Started GET "/products/5/edit" for ::1 at 2019-10-02 06:14:03 +0200
Processing by ProductsController#edit as HTML
  Parameters: {"id"=>"5"}
  [1m[36mProduct Load (0.2ms)[0m  [1m[34mSELECT  "products".* FROM "products" WHERE "products"."id" = ? LIMIT ?[0m  [["id", 5], ["LIMIT", 1]]
  ↳ app/controllers/products_controller.rb:76
  Rendering products/edit.html.erb within layouts/application
  Rendered products/_form.html.erb (4.6ms)
  Rendered products/edit.html.erb within layouts/application (8.8ms)
Completed 200 OK in 53ms (Views: 48.4ms | ActiveRecord: 0.2ms)


Started GET "/products" for ::1 at 2019-10-02 06:15:13 +0200
Processing by ProductsController#index as HTML
  Rendering products/index.html.erb within layouts/application
  [1m[36mProduct Load (0.4ms)[0m  [1m[34mSELECT "products".* FROM "products"[0m
  ↳ app/views/products/index.html.erb:6
  Rendered collection of products/_product.html.erb [9 times] (3.6ms)
  Rendered products/index.html.erb within layouts/application (9.5ms)
Completed 200 OK in 153ms (Views: 148.6ms | ActiveRecord: 0.4ms)


Started GET "/products/6" for ::1 at 2019-10-02 06:15:15 +0200
Processing by ProductsController#show as HTML
  Parameters: {"id"=>"6"}
  [1m[36mProduct Load (0.2ms)[0m  [1m[34mSELECT  "products".* FROM "products" WHERE "products"."id" = ? LIMIT ?[0m  [["id", 6], ["LIMIT", 1]]
  ↳ app/controllers/products_controller.rb:76
  Rendering products/show.html.erb within layouts/application
  [1m[36mComment Load (0.3ms)[0m  [1m[34mSELECT  "comments".* FROM "comments" WHERE "comments"."product_id" = ? ORDER BY created_at DESC LIMIT ? OFFSET ?[0m  [["product_id", 6], ["LIMIT", 3], ["OFFSET", 0]]
  ↳ app/views/products/_comments.html.erb:2
  [1m[36mUser Load (0.1ms)[0m  [1m[34mSELECT  "users".* FROM "users" WHERE "users"."id" = ? LIMIT ?[0m  [["id", 1], ["LIMIT", 1]]
  ↳ app/views/products/_comments.html.erb:5
  Rendered products/_comments.html.erb (3.4ms)
  Rendered products/_new_comment.html.erb (0.9ms)
  Rendered products/show.html.erb within layouts/application (8.9ms)
Completed 200 OK in 64ms (Views: 58.6ms | ActiveRecord: 0.6ms)


Started GET "/products/6/edit" for ::1 at 2019-10-02 06:15:17 +0200
Processing by ProductsController#edit as HTML
  Parameters: {"id"=>"6"}
  [1m[36mProduct Load (0.3ms)[0m  [1m[34mSELECT  "products".* FROM "products" WHERE "products"."id" = ? LIMIT ?[0m  [["id", 6], ["LIMIT", 1]]
  ↳ app/controllers/products_controller.rb:76
  Rendering products/edit.html.erb within layouts/application
  Rendered products/_form.html.erb (2.6ms)
  Rendered products/edit.html.erb within layouts/application (5.6ms)
Completed 200 OK in 53ms (Views: 46.1ms | ActiveRecord: 0.3ms)


Started PATCH "/products/6" for ::1 at 2019-10-02 06:16:40 +0200
Processing by ProductsController#update as HTML
  Parameters: {"utf8"=>"✓", "authenticity_token"=>"P05gt1a2za7wXpXeFybyzZ5Rkbvabk6X8dVWYQafZOsUnFU2nkFAYE2DkL0E+qXWfXuyv2PjOFXqTuLHUfOJHA==", "product"=>{"name"=>"Nude Lipstick", "description"=>"Creamy and soft lipstick.", "image_url"=>"https://images.unsplash.com/photo-1555050455-f96634b5cba6?ixlib=rb-1.2.1&ixid=eyJhcHBfaWQiOjEyMDd9&auto=format&fit=crop&w=500&q=60", "colour"=>"Nude", "price"=>""}, "name"=>"", "commit"=>"Send", "id"=>"6"}
  [1m[36mProduct Load (0.2ms)[0m  [1m[34mSELECT  "products".* FROM "products" WHERE "products"."id" = ? LIMIT ?[0m  [["id", 6], ["LIMIT", 1]]
  ↳ app/controllers/products_controller.rb:76
Unpermitted parameter: :price
  [1m[35m (0.1ms)[0m  [1m[36mbegin transaction[0m
  ↳ app/controllers/products_controller.rb:52
  [1m[35m (0.3ms)[0m  [1m[36mcommit transaction[0m
  ↳ app/controllers/products_controller.rb:52
Redirected to http://localhost:3000/products/6
Completed 302 Found in 11ms (ActiveRecord: 0.5ms)


Started GET "/products/6" for ::1 at 2019-10-02 06:16:40 +0200
Processing by ProductsController#show as HTML
  Parameters: {"id"=>"6"}
  [1m[36mProduct Load (0.2ms)[0m  [1m[34mSELECT  "products".* FROM "products" WHERE "products"."id" = ? LIMIT ?[0m  [["id", 6], ["LIMIT", 1]]
  ↳ app/controllers/products_controller.rb:76
  Rendering products/show.html.erb within layouts/application
  [1m[36mComment Load (0.4ms)[0m  [1m[34mSELECT  "comments".* FROM "comments" WHERE "comments"."product_id" = ? ORDER BY created_at DESC LIMIT ? OFFSET ?[0m  [["product_id", 6], ["LIMIT", 3], ["OFFSET", 0]]
  ↳ app/views/products/_comments.html.erb:2
  [1m[36mUser Load (0.3ms)[0m  [1m[34mSELECT  "users".* FROM "users" WHERE "users"."id" = ? LIMIT ?[0m  [["id", 1], ["LIMIT", 1]]
  ↳ app/views/products/_comments.html.erb:5
  Rendered products/_comments.html.erb (5.0ms)
  Rendered products/_new_comment.html.erb (0.6ms)
  Rendered products/show.html.erb within layouts/application (9.7ms)
Completed 200 OK in 61ms (Views: 54.8ms | ActiveRecord: 0.9ms)


Started GET "/products" for ::1 at 2019-10-02 06:17:04 +0200
Processing by ProductsController#index as HTML
  Rendering products/index.html.erb within layouts/application
  [1m[36mProduct Load (0.2ms)[0m  [1m[34mSELECT "products".* FROM "products"[0m
  ↳ app/views/products/index.html.erb:6
  Rendered collection of products/_product.html.erb [9 times] (3.1ms)
  Rendered products/index.html.erb within layouts/application (6.5ms)
Completed 200 OK in 64ms (Views: 59.3ms | ActiveRecord: 0.2ms)


Started GET "/products/7" for ::1 at 2019-10-02 06:17:12 +0200
Processing by ProductsController#show as HTML
  Parameters: {"id"=>"7"}
  [1m[36mProduct Load (0.2ms)[0m  [1m[34mSELECT  "products".* FROM "products" WHERE "products"."id" = ? LIMIT ?[0m  [["id", 7], ["LIMIT", 1]]
  ↳ app/controllers/products_controller.rb:76
  Rendering products/show.html.erb within layouts/application
  [1m[36mComment Load (0.4ms)[0m  [1m[34mSELECT  "comments".* FROM "comments" WHERE "comments"."product_id" = ? ORDER BY created_at DESC LIMIT ? OFFSET ?[0m  [["product_id", 7], ["LIMIT", 3], ["OFFSET", 0]]
  ↳ app/views/products/_comments.html.erb:2
  Rendered products/_comments.html.erb (2.3ms)
  Rendered products/_new_comment.html.erb (0.7ms)
  Rendered products/show.html.erb within layouts/application (10.1ms)
Completed 200 OK in 73ms (Views: 66.1ms | ActiveRecord: 0.5ms)


Started GET "/products/7/edit" for ::1 at 2019-10-02 06:22:32 +0200
Processing by ProductsController#edit as HTML
  Parameters: {"id"=>"7"}
  [1m[36mProduct Load (0.2ms)[0m  [1m[34mSELECT  "products".* FROM "products" WHERE "products"."id" = ? LIMIT ?[0m  [["id", 7], ["LIMIT", 1]]
  ↳ app/controllers/products_controller.rb:76
  Rendering products/edit.html.erb within layouts/application
  Rendered products/_form.html.erb (2.6ms)
  Rendered products/edit.html.erb within layouts/application (5.7ms)
Completed 200 OK in 74ms (Views: 68.0ms | ActiveRecord: 0.2ms)


Started GET "/products" for ::1 at 2019-10-02 06:23:46 +0200
Processing by ProductsController#index as HTML
  Rendering products/index.html.erb within layouts/application
  [1m[36mProduct Load (0.2ms)[0m  [1m[34mSELECT "products".* FROM "products"[0m
  ↳ app/views/products/index.html.erb:6
  Rendered collection of products/_product.html.erb [9 times] (5.6ms)
  Rendered products/index.html.erb within layouts/application (11.8ms)
Completed 200 OK in 145ms (Views: 139.3ms | ActiveRecord: 0.2ms)


Started GET "/products/8" for ::1 at 2019-10-02 06:23:49 +0200
Processing by ProductsController#show as HTML
  Parameters: {"id"=>"8"}
  [1m[36mProduct Load (0.2ms)[0m  [1m[34mSELECT  "products".* FROM "products" WHERE "products"."id" = ? LIMIT ?[0m  [["id", 8], ["LIMIT", 1]]
  ↳ app/controllers/products_controller.rb:76
  Rendering products/show.html.erb within layouts/application
  [1m[36mComment Load (0.5ms)[0m  [1m[34mSELECT  "comments".* FROM "comments" WHERE "comments"."product_id" = ? ORDER BY created_at DESC LIMIT ? OFFSET ?[0m  [["product_id", 8], ["LIMIT", 3], ["OFFSET", 0]]
  ↳ app/views/products/_comments.html.erb:2
  Rendered products/_comments.html.erb (2.5ms)
  Rendered products/_new_comment.html.erb (0.9ms)
  Rendered products/show.html.erb within layouts/application (12.7ms)
Completed 200 OK in 66ms (Views: 60.5ms | ActiveRecord: 0.7ms)


Started GET "/products/8/edit" for ::1 at 2019-10-02 06:23:52 +0200
Processing by ProductsController#edit as HTML
  Parameters: {"id"=>"8"}
  [1m[36mProduct Load (0.2ms)[0m  [1m[34mSELECT  "products".* FROM "products" WHERE "products"."id" = ? LIMIT ?[0m  [["id", 8], ["LIMIT", 1]]
  ↳ app/controllers/products_controller.rb:76
  Rendering products/edit.html.erb within layouts/application
  Rendered products/_form.html.erb (4.6ms)
  Rendered products/edit.html.erb within layouts/application (7.7ms)
Completed 200 OK in 89ms (Views: 82.8ms | ActiveRecord: 0.2ms)


Started GET "/products" for ::1 at 2019-10-02 06:25:04 +0200
Processing by ProductsController#index as HTML
  Rendering products/index.html.erb within layouts/application
  [1m[36mProduct Load (0.2ms)[0m  [1m[34mSELECT "products".* FROM "products"[0m
  ↳ app/views/products/index.html.erb:6
  Rendered collection of products/_product.html.erb [9 times] (7.0ms)
  Rendered products/index.html.erb within layouts/application (15.4ms)
Completed 200 OK in 99ms (Views: 94.5ms | ActiveRecord: 0.2ms)


Started GET "/products/9" for ::1 at 2019-10-02 06:25:07 +0200
Processing by ProductsController#show as HTML
  Parameters: {"id"=>"9"}
  [1m[36mProduct Load (0.1ms)[0m  [1m[34mSELECT  "products".* FROM "products" WHERE "products"."id" = ? LIMIT ?[0m  [["id", 9], ["LIMIT", 1]]
  ↳ app/controllers/products_controller.rb:76
  Rendering products/show.html.erb within layouts/application
  [1m[36mComment Load (0.5ms)[0m  [1m[34mSELECT  "comments".* FROM "comments" WHERE "comments"."product_id" = ? ORDER BY created_at DESC LIMIT ? OFFSET ?[0m  [["product_id", 9], ["LIMIT", 3], ["OFFSET", 0]]
  ↳ app/views/products/_comments.html.erb:2
  Rendered products/_comments.html.erb (3.7ms)
  Rendered products/_new_comment.html.erb (1.7ms)
  Rendered products/show.html.erb within layouts/application (13.5ms)
Completed 200 OK in 59ms (Views: 54.3ms | ActiveRecord: 0.6ms)


Started GET "/products/9/edit" for ::1 at 2019-10-02 06:25:10 +0200
Processing by ProductsController#edit as HTML
  Parameters: {"id"=>"9"}
  [1m[36mProduct Load (0.3ms)[0m  [1m[34mSELECT  "products".* FROM "products" WHERE "products"."id" = ? LIMIT ?[0m  [["id", 9], ["LIMIT", 1]]
  ↳ app/controllers/products_controller.rb:76
  Rendering products/edit.html.erb within layouts/application
  Rendered products/_form.html.erb (3.0ms)
  Rendered products/edit.html.erb within layouts/application (6.0ms)
Completed 200 OK in 54ms (Views: 48.3ms | ActiveRecord: 0.3ms)


Started GET "/products" for ::1 at 2019-10-02 06:30:56 +0200
  [1m[35m (1.7ms)[0m  [1m[34mSELECT "schema_migrations"."version" FROM "schema_migrations" ORDER BY "schema_migrations"."version" ASC[0m
  ↳ /Users/renatavitoi/.rvm/gems/ruby-2.5.1/gems/activerecord-5.2.3/lib/active_record/log_subscriber.rb:98
Processing by ProductsController#index as HTML
Started GET "/" for ::1 at 2019-10-02 06:30:56 +0200
  Rendering products/index.html.erb within layouts/application
  [1m[36mProduct Load (2.0ms)[0m  [1m[34mSELECT "products".* FROM "products"[0m
  ↳ app/views/products/index.html.erb:6
  Rendered collection of products/_product.html.erb [9 times] (9.1ms)
  Rendered products/index.html.erb within layouts/application (130.7ms)
Completed 200 OK in 1102ms (Views: 1073.0ms | ActiveRecord: 5.8ms)


Processing by SimplePagesController#landing_page as HTML
  Rendering simple_pages/landing_page.html.erb within layouts/application
  [1m[36mProduct Load (0.3ms)[0m  [1m[34mSELECT  "products".* FROM "products" LIMIT ?[0m  [["LIMIT", 3]]
  ↳ app/views/simple_pages/landing_page.html.erb:12
  Rendered simple_pages/landing_page.html.erb within layouts/application (3.7ms)
Completed 200 OK in 95ms (Views: 89.8ms | ActiveRecord: 0.3ms)


Started GET "/users/sign_in" for ::1 at 2019-10-02 06:37:43 +0200
Processing by Devise::SessionsController#new as HTML
  Rendering devise/sessions/new.html.erb within layouts/application
  Rendered devise/sessions/new.html.erb within layouts/application (10.7ms)
Completed 200 OK in 161ms (Views: 118.1ms | ActiveRecord: 1.6ms)


Started POST "/users/sign_in" for ::1 at 2019-10-02 06:37:50 +0200
Processing by Devise::SessionsController#create as HTML
  Parameters: {"utf8"=>"✓", "authenticity_token"=>"6OrklfdHXxuk8AXJp5vNMchvpkT0fBDH1gc0+jl/tDPwynyM58COgQwWb+om6myQ7PN/tyAqKCSHmtvmgVEt6Q==", "user"=>{"email"=>"renata_band@hotmail.com", "password"=>"[FILTERED]"}, "commit"=>"Sign in"}
  [1m[36mUser Load (2.2ms)[0m  [1m[34mSELECT  "users".* FROM "users" WHERE "users"."email" = ? ORDER BY "users"."id" ASC LIMIT ?[0m  [["email", "renata_band@hotmail.com"], ["LIMIT", 1]]
  ↳ /Users/renatavitoi/.rvm/gems/ruby-2.5.1/gems/activerecord-5.2.3/lib/active_record/log_subscriber.rb:98
Redirected to http://localhost:3000/
Completed 302 Found in 281ms (ActiveRecord: 2.2ms)


Started GET "/" for ::1 at 2019-10-02 06:37:51 +0200
Processing by SimplePagesController#landing_page as HTML
  Rendering simple_pages/landing_page.html.erb within layouts/application
  [1m[36mProduct Load (0.4ms)[0m  [1m[34mSELECT  "products".* FROM "products" LIMIT ?[0m  [["LIMIT", 3]]
  ↳ app/views/simple_pages/landing_page.html.erb:12
  Rendered simple_pages/landing_page.html.erb within layouts/application (15.5ms)
  [1m[36mUser Load (0.4ms)[0m  [1m[34mSELECT  "users".* FROM "users" WHERE "users"."id" = ? ORDER BY "users"."id" ASC LIMIT ?[0m  [["id", 1], ["LIMIT", 1]]
  ↳ app/views/layouts/application.html.erb:46
Completed 200 OK in 184ms (Views: 172.3ms | ActiveRecord: 2.0ms)


Started GET "/products" for ::1 at 2019-10-02 06:37:55 +0200
Processing by ProductsController#index as HTML
  Rendering products/index.html.erb within layouts/application
  [1m[36mProduct Load (0.3ms)[0m  [1m[34mSELECT "products".* FROM "products"[0m
  ↳ app/views/products/index.html.erb:6
  Rendered collection of products/_product.html.erb [9 times] (5.5ms)
  Rendered products/index.html.erb within layouts/application (11.8ms)
  [1m[36mUser Load (0.3ms)[0m  [1m[34mSELECT  "users".* FROM "users" WHERE "users"."id" = ? ORDER BY "users"."id" ASC LIMIT ?[0m  [["id", 1], ["LIMIT", 1]]
  ↳ app/views/layouts/application.html.erb:46
Completed 200 OK in 245ms (Views: 236.3ms | ActiveRecord: 0.6ms)


Started GET "/products/2" for ::1 at 2019-10-02 06:37:56 +0200
Processing by ProductsController#show as HTML
  Parameters: {"id"=>"2"}
  [1m[36mProduct Load (0.6ms)[0m  [1m[34mSELECT  "products".* FROM "products" WHERE "products"."id" = ? LIMIT ?[0m  [["id", 2], ["LIMIT", 1]]
  ↳ app/controllers/products_controller.rb:76
  Rendering products/show.html.erb within layouts/application
  [1m[36mComment Load (1.1ms)[0m  [1m[34mSELECT  "comments".* FROM "comments" WHERE "comments"."product_id" = ? ORDER BY created_at DESC LIMIT ? OFFSET ?[0m  [["product_id", 2], ["LIMIT", 3], ["OFFSET", 0]]
  ↳ app/views/products/_comments.html.erb:2
  [1m[36mUser Load (0.3ms)[0m  [1m[34mSELECT  "users".* FROM "users" WHERE "users"."id" = ? LIMIT ?[0m  [["id", 6], ["LIMIT", 1]]
  ↳ app/views/products/_comments.html.erb:5
  [1m[36mUser Load (0.2ms)[0m  [1m[34mSELECT  "users".* FROM "users" WHERE "users"."id" = ? LIMIT ?[0m  [["id", 1], ["LIMIT", 1]]
  ↳ app/views/products/_comments.html.erb:5
  [1m[36mCACHE User Load (0.0ms)[0m  [1m[34mSELECT  "users".* FROM "users" WHERE "users"."id" = ? LIMIT ?[0m  [["id", 1], ["LIMIT", 1]]
  ↳ app/views/products/_comments.html.erb:5
  [1m[35m (0.2ms)[0m  [1m[34mSELECT COUNT(*) FROM "comments" WHERE "comments"."product_id" = ?[0m  [["product_id", 2]]
  ↳ app/views/products/_comments.html.erb:11
  Rendered products/_comments.html.erb (44.8ms)
  [1m[36mUser Load (0.1ms)[0m  [1m[34mSELECT  "users".* FROM "users" WHERE "users"."id" = ? ORDER BY "users"."id" ASC LIMIT ?[0m  [["id", 1], ["LIMIT", 1]]
  ↳ app/views/products/_new_comment.html.erb:1
  Rendered products/_new_comment.html.erb (5.7ms)
  Rendered products/show.html.erb within layouts/application (57.7ms)
Completed 200 OK in 159ms (Views: 112.5ms | ActiveRecord: 3.3ms)


Started DELETE "/users/sign_out" for ::1 at 2019-10-02 06:38:24 +0200
Processing by UsersController#destroy as HTML
  Parameters: {"authenticity_token"=>"xCBAmU+quAWHZtEtBFEivL7u+QgyWEhEJ2TEq9hXRENnJYaKnQ51wOglB7XUcxTZWR1oZ8t1JS3bpjGzyaq4hQ==", "id"=>"sign_out"}
  [1m[36mUser Load (0.2ms)[0m  [1m[34mSELECT  "users".* FROM "users" WHERE "users"."id" = ? ORDER BY "users"."id" ASC LIMIT ?[0m  [["id", 1], ["LIMIT", 1]]
  ↳ app/controllers/users_controller.rb:77
  [1m[35m (0.2ms)[0m  [1m[36mbegin transaction[0m
  ↳ app/controllers/users_controller.rb:77
  [1m[35m (0.1ms)[0m  [1m[36mcommit transaction[0m
  ↳ app/controllers/users_controller.rb:77
Completed 401 Unauthorized in 22ms (ActiveRecord: 0.4ms)


Started GET "/users/sign_in" for ::1 at 2019-10-02 06:38:24 +0200
Processing by Devise::SessionsController#new as HTML
  Rendering devise/sessions/new.html.erb within layouts/application
  Rendered devise/sessions/new.html.erb within layouts/application (2.4ms)
Completed 200 OK in 101ms (Views: 99.8ms | ActiveRecord: 0.0ms)


Started GET "/" for ::1 at 2019-10-02 06:38:27 +0200
Processing by SimplePagesController#landing_page as HTML
  Rendering simple_pages/landing_page.html.erb within layouts/application
  [1m[36mProduct Load (0.4ms)[0m  [1m[34mSELECT  "products".* FROM "products" LIMIT ?[0m  [["LIMIT", 3]]
  ↳ app/views/simple_pages/landing_page.html.erb:12
  Rendered simple_pages/landing_page.html.erb within layouts/application (3.6ms)
Completed 200 OK in 90ms (Views: 82.8ms | ActiveRecord: 0.4ms)


